{"D:\\RollingCode\\PorMiCuenta\\Cursos\\React\\Codigo\\pruebaJestConfiguracion\\src\\base-pruebas\\02-template-string.js": {"path":"D:\\RollingCode\\PorMiCuenta\\Cursos\\React\\Codigo\\pruebaJestConfiguracion\\src\\base-pruebas\\02-template-string.js","statementMap":{"0":{"start":{"line":14,"column":25},"end":{"line":16,"column":1}},"1":{"start":{"line":15,"column":4},"end":{"line":15,"column":28}}},"fnMap":{"0":{"name":"(anonymous_0)","decl":{"start":{"line":14,"column":25},"end":{"line":14,"column":26}},"loc":{"start":{"line":14,"column":37},"end":{"line":16,"column":1}},"line":14}},"branchMap":{},"s":{"0":1,"1":1},"f":{"0":1},"b":{},"_coverageSchema":"1a1c01bbd47fc00a2c39e90264f33305004495a9","hash":"fec6d8954c004752539f89edab17f39ed0075af1"}
}
